Oct-07 14:41:04.432 [main] DEBUG nextflow.cli.Launcher - $> nextflow comparation_of_population_projects.nf --input_dir test/data/ --project_name 12g_and_76g --chunks 2
Oct-07 14:41:04.535 [main] INFO  nextflow.cli.CmdRun - N E X T F L O W  ~  version 19.04.1
Oct-07 14:41:04.541 [main] INFO  nextflow.cli.CmdRun - Launching `comparation_of_population_projects.nf` [clever_visvesvaraya] - revision: 3ded4c7d57
Oct-07 14:41:04.550 [main] DEBUG nextflow.config.ConfigBuilder - Found config local: /mnt/Almacenamiento/Documents/Ongoing_projects/ancestral/concatenate-sort-vcfs/nextflow.config
Oct-07 14:41:04.551 [main] DEBUG nextflow.config.ConfigBuilder - Parsing config file: /mnt/Almacenamiento/Documents/Ongoing_projects/ancestral/concatenate-sort-vcfs/nextflow.config
Oct-07 14:41:04.568 [main] DEBUG nextflow.config.ConfigBuilder - Applying config profile: `standard`
Oct-07 14:41:04.780 [main] DEBUG nextflow.Session - Session uuid: 8be05a9d-55f8-445b-9c38-97cbefbd53d4
Oct-07 14:41:04.780 [main] DEBUG nextflow.Session - Run name: clever_visvesvaraya
Oct-07 14:41:04.781 [main] DEBUG nextflow.Session - Executor pool size: 12
Oct-07 14:41:04.799 [main] DEBUG nextflow.cli.CmdRun - 
  Version: 19.04.1 build 5072
  Modified: 03-05-2019 12:29 UTC (07:29 CDT)
  System: Linux 5.0.0-25-generic
  Runtime: Groovy 2.5.6 on OpenJDK 64-Bit Server VM 11.0.4+11-post-Ubuntu-1ubuntu218.04.3
  Encoding: UTF-8 (UTF-8)
  Process: 18817@judith [127.0.1.1]
  CPUs: 12 - Mem: 15.4 GB (384.6 MB) - Swap: 2 GB (2 GB)
Oct-07 14:41:04.813 [main] DEBUG nextflow.Session - Work-dir: /mnt/Almacenamiento/Documents/Ongoing_projects/ancestral/concatenate-sort-vcfs/work [fuseblk]
Oct-07 14:41:04.814 [main] DEBUG nextflow.Session - Script base path does not exist or is not a directory: /mnt/Almacenamiento/Documents/Ongoing_projects/ancestral/concatenate-sort-vcfs/bin
Oct-07 14:41:04.998 [main] DEBUG nextflow.Session - Session start invoked
Oct-07 14:41:05.000 [main] DEBUG nextflow.processor.TaskDispatcher - Dispatcher > start
Oct-07 14:41:05.002 [main] DEBUG nextflow.script.ScriptRunner - > Script parsing
Oct-07 14:41:05.100 [main] DEBUG nextflow.script.ScriptRunner - > Launching execution
Oct-07 14:41:05.116 [PathVisitor-1] DEBUG nextflow.file.PathVisitor - files for syntax: glob; folder: test/data/; pattern: *.vcf.gz; options: [:]
Oct-07 14:41:05.133 [PathVisitor-1] DEBUG nextflow.file.PathVisitor - files for syntax: glob; folder: mkmodules/mk-prepare-vcfs/; pattern: *; options: [:]
Oct-07 14:41:05.181 [main] DEBUG nextflow.processor.ProcessFactory - << taskConfig executor: null
Oct-07 14:41:05.181 [main] DEBUG nextflow.processor.ProcessFactory - >> processorType: 'local'
Oct-07 14:41:05.184 [main] DEBUG nextflow.executor.Executor - Initializing executor: local
Oct-07 14:41:05.185 [main] INFO  nextflow.executor.Executor - [warm up] executor > local
Oct-07 14:41:05.188 [main] DEBUG n.processor.LocalPollingMonitor - Creating local task monitor for executor 'local' > cpus=12; memory=15.4 GB; capacity=12; pollInterval=100ms; dumpInterval=5m
Oct-07 14:41:05.190 [main] DEBUG nextflow.processor.TaskDispatcher - Starting monitor: LocalPollingMonitor
Oct-07 14:41:05.190 [main] DEBUG n.processor.TaskPollingMonitor - >>> barrier register (monitor: local)
Oct-07 14:41:05.191 [main] DEBUG nextflow.executor.Executor - Invoke register for executor: local
Oct-07 14:41:05.207 [main] DEBUG nextflow.Session - >>> barrier register (process: _pre1_prepare_vcfs)
Oct-07 14:41:05.209 [main] DEBUG nextflow.processor.TaskProcessor - Creating operator > _pre1_prepare_vcfs -- maxForks: 2
Oct-07 14:41:05.234 [PathVisitor-1] DEBUG nextflow.file.PathVisitor - files for syntax: glob; folder: mkmodules/mk-concatenate-vcfs/; pattern: *; options: [:]
Oct-07 14:41:05.238 [main] DEBUG nextflow.processor.ProcessFactory - << taskConfig executor: null
Oct-07 14:41:05.238 [main] DEBUG nextflow.processor.ProcessFactory - >> processorType: 'local'
Oct-07 14:41:05.238 [main] DEBUG nextflow.executor.Executor - Initializing executor: local
Oct-07 14:41:05.239 [main] DEBUG nextflow.Session - >>> barrier register (process: _pre2_concatenate)
Oct-07 14:41:05.239 [main] DEBUG nextflow.processor.TaskProcessor - Creating operator > _pre2_concatenate -- maxForks: 2
Oct-07 14:41:05.243 [PathVisitor-1] DEBUG nextflow.file.PathVisitor - files for syntax: glob; folder: mkmodules/mk-compress-vcfs/; pattern: *; options: [:]
Oct-07 14:41:05.246 [main] DEBUG nextflow.processor.ProcessFactory - << taskConfig executor: null
Oct-07 14:41:05.247 [main] DEBUG nextflow.processor.ProcessFactory - >> processorType: 'local'
Oct-07 14:41:05.247 [main] DEBUG nextflow.executor.Executor - Initializing executor: local
Oct-07 14:41:05.248 [main] DEBUG nextflow.Session - >>> barrier register (process: _pre3_compress_vcfs)
Oct-07 14:41:05.248 [main] DEBUG nextflow.processor.TaskProcessor - Creating operator > _pre3_compress_vcfs -- maxForks: 2
Oct-07 14:41:05.250 [main] DEBUG nextflow.script.ScriptRunner - > Await termination 
Oct-07 14:41:05.250 [main] DEBUG nextflow.Session - Session await
Oct-07 14:41:05.300 [Task submitter] DEBUG nextflow.executor.LocalTaskHandler - Launch cmd line: /bin/bash -ue .command.run
Oct-07 14:41:05.304 [Task submitter] INFO  nextflow.Session - [de/bba38e] Submitted process > _pre1_prepare_vcfs (2)
Oct-07 14:41:05.324 [Task submitter] DEBUG nextflow.executor.LocalTaskHandler - Launch cmd line: /bin/bash -ue .command.run
Oct-07 14:41:05.324 [Task submitter] INFO  nextflow.Session - [f5/6f7a5f] Submitted process > _pre1_prepare_vcfs (1)
Oct-07 14:41:05.738 [Task monitor] DEBUG n.processor.TaskPollingMonitor - Task completed > TaskHandler[id: 2; name: _pre1_prepare_vcfs (1); status: COMPLETED; exit: 0; error: -; workDir: /mnt/Almacenamiento/Documents/Ongoing_projects/ancestral/concatenate-sort-vcfs/work/f5/6f7a5f09338a74106be11e41dd552a]
Oct-07 14:41:05.827 [Task monitor] DEBUG n.processor.TaskPollingMonitor - Task completed > TaskHandler[id: 1; name: _pre1_prepare_vcfs (2); status: COMPLETED; exit: 0; error: -; workDir: /mnt/Almacenamiento/Documents/Ongoing_projects/ancestral/concatenate-sort-vcfs/work/de/bba38e3ef6182495b88d15c9750a20]
Oct-07 14:41:05.831 [Actor Thread 7] DEBUG nextflow.Session - <<< barrier arrive (process: _pre1_prepare_vcfs)
Oct-07 14:41:05.846 [Task submitter] DEBUG nextflow.executor.LocalTaskHandler - Launch cmd line: /bin/bash -ue .command.run
Oct-07 14:41:05.846 [Task submitter] INFO  nextflow.Session - [e5/c911fb] Submitted process > _pre2_concatenate
Oct-07 14:41:05.870 [Task monitor] DEBUG n.processor.TaskPollingMonitor - Task completed > TaskHandler[id: 3; name: _pre2_concatenate; status: COMPLETED; exit: 123; error: -; workDir: /mnt/Almacenamiento/Documents/Ongoing_projects/ancestral/concatenate-sort-vcfs/work/e5/c911fb876b43082f78bcb9262e3780]
Oct-07 14:41:05.884 [Task monitor] ERROR nextflow.processor.TaskProcessor - Error executing process > '_pre2_concatenate'

Caused by:
  Process `_pre2_concatenate` terminated with an error exit status (123)

Command executed:

  bash runmk.sh

Command exit status:
  123

Command output:
  (empty)

Command error:
  mk: nothing to mk

Work dir:
  /mnt/Almacenamiento/Documents/Ongoing_projects/ancestral/concatenate-sort-vcfs/work/e5/c911fb876b43082f78bcb9262e3780

Tip: you can try to figure out what's wrong by changing to the process work dir and showing the script file named `.command.sh`
Oct-07 14:41:05.886 [Task monitor] DEBUG nextflow.Session - Session aborted -- Cause: Process `_pre2_concatenate` terminated with an error exit status (123)
Oct-07 14:41:05.886 [Actor Thread 2] DEBUG nextflow.Session - <<< barrier arrive (process: _pre2_concatenate)
Oct-07 14:41:05.906 [Task monitor] DEBUG nextflow.Session - The following nodes are still active:
[process] _pre3_compress_vcfs
  status=ACTIVE
  port 0: (value) bound ; channel: simplified_concatenated_vcf
  port 1: (value) bound ; channel: mkfiles
  port 2: (cntrl) -     ; channel: $

Oct-07 14:41:05.908 [main] DEBUG nextflow.Session - Session await > all process finished
Oct-07 14:41:05.908 [Task monitor] DEBUG n.processor.TaskPollingMonitor - <<< barrier arrives (monitor: local)
Oct-07 14:41:05.908 [main] DEBUG nextflow.Session - Session await > all barriers passed
Oct-07 14:41:05.912 [main] DEBUG nextflow.trace.StatsObserver - Workflow completed > WorkflowStats[succeedCount=2; failedCount=1; ignoredCount=0; cachedCount=0; succeedDuration=755ms; failedDuration=2ms; cachedDuration=0ms]
Oct-07 14:41:06.110 [main] DEBUG nextflow.CacheDB - Closing CacheDB done
Oct-07 14:41:06.149 [main] DEBUG nextflow.script.ScriptRunner - > Execution complete -- Goodbye
